C:\USERS\DIANA\DOCUMENTS\LICENTA\FRAMEWORK\DIRECT_ACCESS_IMAGE_SAMPLE\DEBUG\COLOR2GRAY.OBJ
C:\USERS\DIANA\DOCUMENTS\LICENTA\FRAMEWORK\DIRECT_ACCESS_IMAGE_SAMPLE\DEBUG\COLORTRANSFER.OBJ
C:\USERS\DIANA\DOCUMENTS\LICENTA\FRAMEWORK\DIRECT_ACCESS_IMAGE_SAMPLE\DEBUG\DIRECT_ACCESS_IMAGE_SAMPLE.EXE
C:\USERS\DIANA\DOCUMENTS\LICENTA\FRAMEWORK\DIRECT_ACCESS_IMAGE_SAMPLE\DEBUG\DIRECT_ACCESS_IMAGE_SAMPLE.EXE.EMBED.MANIFEST.RES
C:\USERS\DIANA\DOCUMENTS\LICENTA\FRAMEWORK\DIRECT_ACCESS_IMAGE_SAMPLE\DEBUG\DIRECT_ACCESS_IMAGE_SAMPLE.EXE.INTERMEDIATE.MANIFEST
C:\USERS\DIANA\DOCUMENTS\LICENTA\FRAMEWORK\DIRECT_ACCESS_IMAGE_SAMPLE\DEBUG\DIRECT_ACCESS_IMAGE_SAMPLE.ILK
C:\USERS\DIANA\DOCUMENTS\LICENTA\FRAMEWORK\DIRECT_ACCESS_IMAGE_SAMPLE\DEBUG\DIRECT_ACCESS_IMAGE_SAMPLE.PCH
C:\USERS\DIANA\DOCUMENTS\LICENTA\FRAMEWORK\DIRECT_ACCESS_IMAGE_SAMPLE\DEBUG\DIRECT_ACCESS_IMAGE_SAMPLE.PDB
C:\USERS\DIANA\DOCUMENTS\LICENTA\FRAMEWORK\DIRECT_ACCESS_IMAGE_SAMPLE\DEBUG\MAIN.OBJ
C:\USERS\DIANA\DOCUMENTS\LICENTA\FRAMEWORK\DIRECT_ACCESS_IMAGE_SAMPLE\DEBUG\STDAFX.OBJ
C:\USERS\DIANA\DOCUMENTS\LICENTA\FRAMEWORK\DIRECT_ACCESS_IMAGE_SAMPLE\DEBUG\VC100.PDB
C:\Users\Diana\Documents\licenta_diploma\framework\Direct_Access_Image_Sample\Debug\cl.command.1.tlog
C:\Users\Diana\Documents\licenta_diploma\framework\Direct_Access_Image_Sample\Debug\CL.read.1.tlog
C:\Users\Diana\Documents\licenta_diploma\framework\Direct_Access_Image_Sample\Debug\CL.write.1.tlog
C:\USERS\DIANA\DOCUMENTS\LICENTA_DIPLOMA\FRAMEWORK\DIRECT_ACCESS_IMAGE_SAMPLE\DEBUG\COLOR2GRAY.OBJ
C:\USERS\DIANA\DOCUMENTS\LICENTA_DIPLOMA\FRAMEWORK\DIRECT_ACCESS_IMAGE_SAMPLE\DEBUG\COLORTRANSFER.OBJ
C:\USERS\DIANA\DOCUMENTS\LICENTA_DIPLOMA\FRAMEWORK\DIRECT_ACCESS_IMAGE_SAMPLE\DEBUG\DIRECT_ACCESS_IMAGE.OBJ
C:\USERS\DIANA\DOCUMENTS\LICENTA_DIPLOMA\FRAMEWORK\DIRECT_ACCESS_IMAGE_SAMPLE\DEBUG\DIRECT_ACCESS_IMAGE_SAMPLE.EXE
C:\Users\Diana\Documents\licenta_diploma\framework\Direct_Access_Image_Sample\Debug\Direct_Access_Image_Sample.exe.embed.manifest
C:\USERS\DIANA\DOCUMENTS\LICENTA_DIPLOMA\FRAMEWORK\DIRECT_ACCESS_IMAGE_SAMPLE\DEBUG\DIRECT_ACCESS_IMAGE_SAMPLE.EXE.EMBED.MANIFEST.RES
C:\USERS\DIANA\DOCUMENTS\LICENTA_DIPLOMA\FRAMEWORK\DIRECT_ACCESS_IMAGE_SAMPLE\DEBUG\DIRECT_ACCESS_IMAGE_SAMPLE.EXE.INTERMEDIATE.MANIFEST
C:\USERS\DIANA\DOCUMENTS\LICENTA_DIPLOMA\FRAMEWORK\DIRECT_ACCESS_IMAGE_SAMPLE\DEBUG\DIRECT_ACCESS_IMAGE_SAMPLE.ILK
C:\USERS\DIANA\DOCUMENTS\LICENTA_DIPLOMA\FRAMEWORK\DIRECT_ACCESS_IMAGE_SAMPLE\DEBUG\DIRECT_ACCESS_IMAGE_SAMPLE.OBJ
C:\USERS\DIANA\DOCUMENTS\LICENTA_DIPLOMA\FRAMEWORK\DIRECT_ACCESS_IMAGE_SAMPLE\DEBUG\DIRECT_ACCESS_IMAGE_SAMPLE.PCH
C:\USERS\DIANA\DOCUMENTS\LICENTA_DIPLOMA\FRAMEWORK\DIRECT_ACCESS_IMAGE_SAMPLE\DEBUG\DIRECT_ACCESS_IMAGE_SAMPLE.PDB
C:\Users\Diana\Documents\licenta_diploma\framework\Direct_Access_Image_Sample\Debug\Direct_Access_Image_Sample.vcxprojResolveAssemblyReference.cache
C:\Users\Diana\Documents\licenta_diploma\framework\Direct_Access_Image_Sample\Debug\Direct_Access_Image_Sample.write.1.tlog
C:\Users\Diana\Documents\licenta_diploma\framework\Direct_Access_Image_Sample\Debug\Direct_Access_Image_Sample_manifest.rc
C:\USERS\DIANA\DOCUMENTS\LICENTA_DIPLOMA\FRAMEWORK\DIRECT_ACCESS_IMAGE_SAMPLE\DEBUG\HISTOGRAM.OBJ
C:\Users\Diana\Documents\licenta_diploma\framework\Direct_Access_Image_Sample\Debug\link.3172.read.1.tlog
C:\Users\Diana\Documents\licenta_diploma\framework\Direct_Access_Image_Sample\Debug\link.3172.write.1.tlog
C:\Users\Diana\Documents\licenta_diploma\framework\Direct_Access_Image_Sample\Debug\link.3172-cvtres.read.1.tlog
C:\Users\Diana\Documents\licenta_diploma\framework\Direct_Access_Image_Sample\Debug\link.3172-cvtres.write.1.tlog
C:\Users\Diana\Documents\licenta_diploma\framework\Direct_Access_Image_Sample\Debug\link.6760.read.1.tlog
C:\Users\Diana\Documents\licenta_diploma\framework\Direct_Access_Image_Sample\Debug\link.6760.write.1.tlog
C:\Users\Diana\Documents\licenta_diploma\framework\Direct_Access_Image_Sample\Debug\link.6760-cvtres.read.1.tlog
C:\Users\Diana\Documents\licenta_diploma\framework\Direct_Access_Image_Sample\Debug\link.6760-cvtres.write.1.tlog
C:\Users\Diana\Documents\licenta_diploma\framework\Direct_Access_Image_Sample\Debug\link.6852.read.1.tlog
C:\Users\Diana\Documents\licenta_diploma\framework\Direct_Access_Image_Sample\Debug\link.6852.write.1.tlog
C:\Users\Diana\Documents\licenta_diploma\framework\Direct_Access_Image_Sample\Debug\link.6852-cvtres.read.1.tlog
C:\Users\Diana\Documents\licenta_diploma\framework\Direct_Access_Image_Sample\Debug\link.6852-cvtres.write.1.tlog
C:\Users\Diana\Documents\licenta_diploma\framework\Direct_Access_Image_Sample\Debug\link.command.1.tlog
C:\Users\Diana\Documents\licenta_diploma\framework\Direct_Access_Image_Sample\Debug\link.read.1.tlog
C:\Users\Diana\Documents\licenta_diploma\framework\Direct_Access_Image_Sample\Debug\link.write.1.tlog
C:\USERS\DIANA\DOCUMENTS\LICENTA_DIPLOMA\FRAMEWORK\DIRECT_ACCESS_IMAGE_SAMPLE\DEBUG\MAIN.OBJ
C:\USERS\DIANA\DOCUMENTS\LICENTA_DIPLOMA\FRAMEWORK\DIRECT_ACCESS_IMAGE_SAMPLE\DEBUG\MATRIXMODULE.OBJ
C:\Users\Diana\Documents\licenta_diploma\framework\Direct_Access_Image_Sample\Debug\mt.command.1.tlog
C:\Users\Diana\Documents\licenta_diploma\framework\Direct_Access_Image_Sample\Debug\mt.read.1.tlog
C:\Users\Diana\Documents\licenta_diploma\framework\Direct_Access_Image_Sample\Debug\mt.write.1.tlog
C:\USERS\DIANA\DOCUMENTS\LICENTA_DIPLOMA\FRAMEWORK\DIRECT_ACCESS_IMAGE_SAMPLE\DEBUG\PDFTRANSFER.OBJ
C:\Users\Diana\Documents\licenta_diploma\framework\Direct_Access_Image_Sample\Debug\rc.command.1.tlog
C:\Users\Diana\Documents\licenta_diploma\framework\Direct_Access_Image_Sample\Debug\rc.read.1.tlog
C:\Users\Diana\Documents\licenta_diploma\framework\Direct_Access_Image_Sample\Debug\rc.write.1.tlog
C:\USERS\DIANA\DOCUMENTS\LICENTA_DIPLOMA\FRAMEWORK\DIRECT_ACCESS_IMAGE_SAMPLE\DEBUG\STDAFX.OBJ
C:\Users\Diana\Documents\licenta_diploma\framework\Direct_Access_Image_Sample\Debug\vc100.idb
C:\USERS\DIANA\DOCUMENTS\LICENTA_DIPLOMA\FRAMEWORK\DIRECT_ACCESS_IMAGE_SAMPLE\DEBUG\VC100.PDB
